<?xml version="1.0" encoding="UTF-8"?>
<!-- Generated by org.testng.reporters.JUnitXMLReporter -->
<testsuite ignored="0" hostname="DESKTOP-7TV35RR" failures="1" tests="1" name="BankingApp Test" time="15.021" errors="0" timestamp="16 Jan 2022 09:17:44 GMT">
  <testcase classname="com.inetbanking.testCase.TC_LoginTest_001" name="loginTest" time="3.551">
    <failure type="java.lang.AssertionError" message="expected [true] but found [false]">
      <![CDATA[java.lang.AssertionError: expected [true] but found [false]
at com.inetbanking.testCase.TC_LoginTest_001.loginTest(TC_LoginTest_001.java:33)
... Removed 33 stack frames]]>
    </failure>
  </testcase> <!-- loginTest -->
</testsuite> <!-- BankingApp Test -->
